20130115-202332,MAILER SENT : hachimitsu_pooh@softbank.ne.jp subject : [PID:4389] Program Finished
20130116-152315,MAILER SENT : hachimitsu_pooh@softbank.ne.jp subject : [NOTICE] rubicon is UP!
20130117-022317,MAILER SENT : hachimitsu_pooh@softbank.ne.jp subject : [ALERT] niagara is DOWN!
20130117-022321,MAILER SENT : hachimitsu_pooh@softbank.ne.jp subject : [ALERT] sarajevo is DOWN!
20130117-022324,MAILER SENT : hachimitsu_pooh@softbank.ne.jp subject : [ALERT] endevour is DOWN!
20130117-022755,MAILER SENT : hachimitsu_pooh@softbank.ne.jp subject : [NOTICE] niagara is UP!
20130117-022759,MAILER SENT : hachimitsu_pooh@softbank.ne.jp subject : [NOTICE] sarajevo is UP!
20130117-022802,MAILER SENT : hachimitsu_pooh@softbank.ne.jp subject : [NOTICE] endevour is UP!
20130117-022806,MAILER SENT : hachimitsu_pooh@softbank.ne.jp subject : [NOTICE] phoenix is UP!
20130121-071323,MAILER SENT : hachimitsu_pooh@softbank.ne.jp subject : [ALERT] rubicon is DOWN!
20130121-125316,MAILER SENT : hachimitsu_pooh@softbank.ne.jp subject : [NOTICE] rubicon is UP!
20130121-140012,MAILER SENT : hachimitsu_pooh@softbank.ne.jp subject : [ALERT] rubicon is DOWN!
20130121-141314,MAILER SENT : hachimitsu_pooh@softbank.ne.jp subject : [NOTICE] rubicon is UP!
20130127-044708,MAILER SENT : hachimitsu_pooh@softbank.ne.jp subject : [ALERT] niagara is DOWN!
20130127-044911,MAILER SENT : hachimitsu_pooh@softbank.ne.jp subject : [ALERT] sarajevo is DOWN!
20130127-045113,MAILER SENT : hachimitsu_pooh@softbank.ne.jp subject : [ALERT] endevour is DOWN!
20130127-045316,MAILER SENT : hachimitsu_pooh@softbank.ne.jp subject : [ALERT] phoenix is DOWN!
20130127-045518,MAILER SENT : hachimitsu_pooh@softbank.ne.jp subject : [ALERT] rubicon is DOWN!
20130127-045721,MAILER SENT : hachimitsu_pooh@softbank.ne.jp subject : [ALERT] nova is DOWN!
20130127-045924,MAILER SENT : hachimitsu_pooh@softbank.ne.jp subject : [ALERT] foster is DOWN!
20130127-050126,MAILER SENT : hachimitsu_pooh@softbank.ne.jp subject : [ALERT] hermes is DOWN!
20130127-051751,MAILER SENT : hachimitsu_pooh@softbank.ne.jp subject : [NOTICE] sarajevo is UP!
20130127-051754,MAILER SENT : hachimitsu_pooh@softbank.ne.jp subject : [NOTICE] endevour is UP!
20130127-051758,MAILER SENT : hachimitsu_pooh@softbank.ne.jp subject : [NOTICE] phoenix is UP!
20130127-051801,MAILER SENT : hachimitsu_pooh@softbank.ne.jp subject : [NOTICE] rubicon is UP!
20130127-051802,MAILER SENT : hachimitsu_pooh@softbank.ne.jp subject : [NOTICE] niagara is UP!
20130127-051805,MAILER SENT : hachimitsu_pooh@softbank.ne.jp subject : [NOTICE] nova is UP!
20130127-051809,MAILER SENT : hachimitsu_pooh@softbank.ne.jp subject : [NOTICE] foster is UP!
20130127-051812,MAILER SENT : hachimitsu_pooh@softbank.ne.jp subject : [NOTICE] hermes is UP!
20130205-224359,MAILER SENT : hachimitsu_pooh@softbank.ne.jp subject : [ALERT] foster is DOWN!
20130205-225322,MAILER SENT : hachimitsu_pooh@softbank.ne.jp subject : [ALERT] rubicon is DOWN!
20130205-225327,MAILER SENT : hachimitsu_pooh@softbank.ne.jp subject : [NOTICE] foster is UP!
20130227-164343,MAILER SENT : hachimitsu_pooh@softbank.ne.jp subject : [ALERT] victory is DOWN!
20130227-165332,MAILER SENT : hachimitsu_pooh@softbank.ne.jp subject : [NOTICE] victory is UP!
20130227-170033,MAILER SENT : hachimitsu_pooh@softbank.ne.jp subject : [ALERT] victory is DOWN!
20130228-124320,MAILER SENT : hachimitsu_pooh@softbank.ne.jp subject : [ALERT] apollo is DOWN!
20130228-133317,MAILER SENT : hachimitsu_pooh@softbank.ne.jp subject : [ALERT] hermes is DOWN!
20130228-133319,MAILER SENT : hachimitsu_pooh@softbank.ne.jp subject : [ALERT] miranda is DOWN!
20130228-154321,MAILER SENT : hachimitsu_pooh@softbank.ne.jp subject : [NOTICE] apollo is UP!
20130228-165323,MAILER SENT : hachimitsu_pooh@softbank.ne.jp subject : [ALERT] apollo is DOWN!
20130228-170021,MAILER SENT : hachimitsu_pooh@softbank.ne.jp subject : [NOTICE] apollo is UP!
20130228-174323,MAILER SENT : hachimitsu_pooh@softbank.ne.jp subject : [ALERT] apollo is DOWN!
20130228-175321,MAILER SENT : hachimitsu_pooh@softbank.ne.jp subject : [NOTICE] apollo is UP!
20130228-185335,MAILER SENT : hachimitsu_pooh@softbank.ne.jp subject : [ALERT] apollo is DOWN!
20130228-190029,MAILER SENT : hachimitsu_pooh@softbank.ne.jp subject : [NOTICE] apollo is UP!
20130305-112316,MAILER SENT : hachimitsu_pooh@softbank.ne.jp subject : [NOTICE] hermes is UP!
20130305-172322,MAILER SENT : hachimitsu_pooh@softbank.ne.jp subject : [NOTICE] victory is UP!
20130306-185308,MAILER SENT : hachimitsu_pooh@softbank.ne.jp subject : [ALERT] sarajevo is DOWN!
20130306-185311,MAILER SENT : hachimitsu_pooh@softbank.ne.jp subject : [ALERT] endevour is DOWN!
20130306-185328,MAILER SENT : hachimitsu_pooh@softbank.ne.jp subject : [ALERT] phoenix is DOWN!
20130306-191308,MAILER SENT : hachimitsu_pooh@softbank.ne.jp subject : [NOTICE] phoenix is UP!
20130306-200005,MAILER SENT : hachimitsu_pooh@softbank.ne.jp subject : [ALERT] foster is DOWN!
20130306-200859,MAILER SENT : hachimitsu_pooh@softbank.ne.jp subject : [NOTICE] foster is UP!
20130307-201321,MAILER SENT : hachimitsu_pooh@softbank.ne.jp subject : [ALERT] vader is DOWN!
20130307-202320,MAILER SENT : hachimitsu_pooh@softbank.ne.jp subject : [NOTICE] vader is UP!
20130307-212307,MAILER SENT : hachimitsu_pooh@softbank.ne.jp subject : [NOTICE] sarajevo is UP!
20130307-212311,MAILER SENT : hachimitsu_pooh@softbank.ne.jp subject : [NOTICE] endevour is UP!
20130308-184321,MAILER SENT : hachimitsu_pooh@softbank.ne.jp subject : [ALERT] niagara is DOWN!
20130308-185306,MAILER SENT : hachimitsu_pooh@softbank.ne.jp subject : [NOTICE] niagara is UP!
20130309-035315,MAILER SENT : hachimitsu_pooh@softbank.ne.jp subject : [NOTICE] miranda is UP!
20130309-100020,MAILER SENT : hachimitsu_pooh@softbank.ne.jp subject : [ALERT] handel is DOWN!
20130309-101319,MAILER SENT : hachimitsu_pooh@softbank.ne.jp subject : [NOTICE] handel is UP!
20130309-112322,MAILER SENT : hachimitsu_pooh@softbank.ne.jp subject : [ALERT] sarajevo is DOWN!
20130309-113307,MAILER SENT : hachimitsu_pooh@softbank.ne.jp subject : [NOTICE] sarajevo is UP!
20130309-200021,MAILER SENT : hachimitsu_pooh@softbank.ne.jp subject : [ALERT] vader is DOWN!
20130309-201321,MAILER SENT : hachimitsu_pooh@softbank.ne.jp subject : [NOTICE] vader is UP!
20130311-013325,MAILER SENT : hachimitsu_pooh@softbank.ne.jp subject : [ALERT] endevour is DOWN!
20130311-015319,MAILER SENT : hachimitsu_pooh@softbank.ne.jp subject : [NOTICE] endevour is UP!
20130311-023322,MAILER SENT : hachimitsu_pooh@softbank.ne.jp subject : [ALERT] endevour is DOWN!
20130311-104309,MAILER SENT : hachimitsu_pooh@softbank.ne.jp subject : [NOTICE] endevour is UP!
20130311-111308,MAILER SENT : hachimitsu_pooh@softbank.ne.jp subject : [ALERT] endevour is DOWN!
20130311-121309,MAILER SENT : hachimitsu_pooh@softbank.ne.jp subject : [NOTICE] endevour is UP!
20130311-151308,MAILER SENT : hachimitsu_pooh@softbank.ne.jp subject : [ALERT] endevour is DOWN!
20130311-152309,MAILER SENT : hachimitsu_pooh@softbank.ne.jp subject : [NOTICE] endevour is UP!
20130311-211308,MAILER SENT : hachimitsu_pooh@softbank.ne.jp subject : [ALERT] endevour is DOWN!
20130311-212309,MAILER SENT : hachimitsu_pooh@softbank.ne.jp subject : [NOTICE] endevour is UP!
20130311-231308,MAILER SENT : hachimitsu_pooh@softbank.ne.jp subject : [ALERT] endevour is DOWN!
20130311-232308,MAILER SENT : hachimitsu_pooh@softbank.ne.jp subject : [NOTICE] endevour is UP!
20130312-011309,MAILER SENT : hachimitsu_pooh@softbank.ne.jp subject : [ALERT] endevour is DOWN!
20130312-092310,MAILER SENT : hachimitsu_pooh@softbank.ne.jp subject : [NOTICE] endevour is UP!
20130312-144319,MAILER SENT : hachimitsu_pooh@softbank.ne.jp subject : [ALERT] apollo is DOWN!
20130312-150014,MAILER SENT : hachimitsu_pooh@softbank.ne.jp subject : [NOTICE] apollo is UP!
20130312-173329,MAILER SENT : hachimitsu_pooh@softbank.ne.jp subject : [ALERT] apollo is DOWN!
20130312-181328,MAILER SENT : hachimitsu_pooh@softbank.ne.jp subject : [NOTICE] apollo is UP!
20130312-182328,MAILER SENT : hachimitsu_pooh@softbank.ne.jp subject : [ALERT] apollo is DOWN!
20130312-183323,MAILER SENT : hachimitsu_pooh@softbank.ne.jp subject : [NOTICE] apollo is UP!
20130312-184328,MAILER SENT : hachimitsu_pooh@softbank.ne.jp subject : [ALERT] apollo is DOWN!
20130312-185318,MAILER SENT : hachimitsu_pooh@softbank.ne.jp subject : [NOTICE] apollo is UP!
20130313-031309,MAILER SENT : hachimitsu_pooh@softbank.ne.jp subject : [ALERT] endevour is DOWN!
20130313-042320,MAILER SENT : hachimitsu_pooh@softbank.ne.jp subject : [NOTICE] endevour is UP!
20130314-131326,MAILER SENT : hachimitsu_pooh@softbank.ne.jp subject : [ALERT] nova is DOWN!
20130314-141311,MAILER SENT : hachimitsu_pooh@softbank.ne.jp subject : [NOTICE] nova is UP!
20130318-100019,MAILER SENT : hachimitsu_pooh@softbank.ne.jp subject : [ALERT] miranda is DOWN!
20130318-100028,MAILER SENT : hachimitsu_pooh@softbank.ne.jp subject : [ALERT] apollo is DOWN!
20130318-100038,MAILER SENT : hachimitsu_pooh@softbank.ne.jp subject : [ALERT] victory is DOWN!
20130318-101312,MAILER SENT : hachimitsu_pooh@softbank.ne.jp subject : [NOTICE] miranda is UP!
20130318-101316,MAILER SENT : hachimitsu_pooh@softbank.ne.jp subject : [NOTICE] apollo is UP!
20130318-101321,MAILER SENT : hachimitsu_pooh@softbank.ne.jp subject : [NOTICE] victory is UP!
